<?xml version="1.0" encoding="UTF-8"?>
<testng-results skipped="0" failed="0" total="1" passed="1">
  <reporter-output>
  </reporter-output>
  <suite name="Default suite" duration-ms="79" started-at="2019-06-16T10:45:08Z" finished-at="2019-06-16T10:45:08Z">
    <groups>
    </groups>
    <test name="Default test" duration-ms="79" started-at="2019-06-16T10:45:08Z" finished-at="2019-06-16T10:45:08Z">
      <class name="sample.demo.test.MedicineTest">
        <test-method status="PASS" signature="f()[pri:0, instance:sample.demo.test.MedicineTest@17ed40e0]" name="f" duration-ms="34" started-at="2019-06-16T16:15:08Z" finished-at="2019-06-16T16:15:08Z">
          <reporter-output>
          </reporter-output>
        </test-method> <!-- f -->
      </class> <!-- sample.demo.test.MedicineTest -->
    </test> <!-- Default test -->
  </suite> <!-- Default suite -->
</testng-results>
